2021-08-04 12:46:49 UTC	-1	0000	0.00	48.88	0.000	2.775
2021-08-04 12:46:50 UTC	-1	0010	0.00	48.23	0.000	2.738
2021-08-04 12:46:51 UTC	-1	0010	0.00	48.14	0.000	2.734
2021-08-04 12:46:52 UTC	1	0010	0.00	47.67	0.000	2.706
2021-08-04 12:46:53 UTC	1	0110	0.00	48.83	0.000	2.773
2021-08-04 12:46:54 UTC	1	0110	0.00	47.76	0.000	2.712
2021-08-04 12:46:55 UTC	1	0110	0.00	48.37	0.000	2.747
2021-08-04 12:46:56 UTC	1	0110	0.00	47.24	0.000	2.682
2021-08-04 12:46:57 UTC	1	0110	0.00	47.24	0.000	2.682
2021-08-04 12:46:58 UTC	1	0110	0.00	44.62	0.000	2.534
2021-08-04 12:46:59 UTC	1	0110	0.00	45.76	0.000	2.599
2021-08-04 12:47:00 UTC	1	0110	0.00	45.92	0.000	2.607
2021-08-04 12:47:01 UTC	1	0110	0.00	46.35	0.000	2.632
2021-08-04 12:47:02 UTC	1	0110	0.00	45.59	0.000	2.589
2021-08-04 12:47:03 UTC	1	0110	0.00	45.45	0.000	2.581
2021-08-04 12:47:04 UTC	1	0110	0.00	45.82	0.000	2.602
2021-08-04 12:47:05 UTC	1	0110	0.00	45.23	0.000	2.568
2021-08-04 12:47:06 UTC	1	0110	0.00	45.50	0.000	2.584
2021-08-04 12:47:07 UTC	1	0110	0.00	46.89	0.000	2.663
2021-08-04 12:47:08 UTC	1	0110	0.00	44.51	0.000	2.527
2021-08-04 12:47:09 UTC	1	0110	0.00	46.53	0.000	2.642
2021-08-04 12:47:10 UTC	1	0110	0.00	45.05	0.000	2.558
2021-08-04 12:47:11 UTC	1	0110	0.00	46.49	0.000	2.640
2021-08-04 12:47:12 UTC	1	0110	0.00	45.14	0.000	2.563
2021-08-04 12:47:13 UTC	1	0110	0.00	45.59	0.000	2.589
2021-08-04 12:47:14 UTC	1	0110	0.00	45.32	0.000	2.573
2021-08-04 12:47:15 UTC	1	0110	0.00	45.09	0.000	2.560
2021-08-04 12:47:16 UTC	1	0110	0.00	45.24	0.000	2.569
2021-08-04 12:47:17 UTC	1	0110	0.00	45.00	0.000	2.555
2021-08-04 12:47:18 UTC	1	0110	0.00	46.14	0.000	2.620
2021-08-04 12:47:19 UTC	1	0110	0.00	45.60	0.000	2.589
2021-08-04 12:47:20 UTC	1	0110	0.00	46.05	0.000	2.615
2021-08-04 12:47:21 UTC	1	0110	0.00	44.47	0.000	2.525
2021-08-04 12:47:22 UTC	1	0110	0.00	46.09	0.000	2.617
2021-08-04 12:47:23 UTC	1	0110	0.00	45.32	0.000	2.573
2021-08-04 12:47:24 UTC	1	0110	0.00	44.75	0.000	2.541
2021-08-04 12:47:25 UTC	1	0110	0.00	45.23	0.000	2.568
2021-08-04 12:47:26 UTC	1	0110	0.00	45.41	0.000	2.578
2021-08-04 12:47:27 UTC	1	0110	0.00	45.73	0.000	2.596
2021-08-04 12:47:28 UTC	1	0110	0.00	46.14	0.000	2.620
2021-08-04 12:47:29 UTC	1	0110	0.00	45.78	0.000	2.599
2021-08-04 12:47:30 UTC	1	0110	0.00	45.05	0.000	2.558
2021-08-04 12:47:31 UTC	1	0110	0.00	45.68	0.000	2.594
2021-08-04 12:47:32 UTC	1	0110	0.00	45.92	0.000	2.607
2021-08-04 12:47:33 UTC	1	0110	0.00	44.66	0.000	2.536
2021-08-04 12:47:34 UTC	1	0110	0.00	45.87	0.000	2.605
2021-08-04 12:47:35 UTC	1	0110	0.00	45.59	0.000	2.588
2021-08-04 12:47:36 UTC	1	0110	0.00	45.59	0.000	2.589
2021-08-04 12:47:37 UTC	1	0110	0.00	44.88	0.000	2.548
2021-08-04 12:47:38 UTC	1	0110	0.00	46.99	0.000	2.668
2021-08-04 12:47:39 UTC	1	0110	0.00	45.02	0.000	2.556
2021-08-04 12:47:40 UTC	1	0110	0.00	45.73	0.000	2.597
2021-08-04 12:47:41 UTC	1	0110	0.00	46.09	0.000	2.617
2021-08-04 12:47:42 UTC	1	0110	0.00	45.27	0.000	2.571
2021-08-04 12:47:43 UTC	1	0110	0.00	45.05	0.000	2.558
2021-08-04 12:47:44 UTC	1	0110	0.00	45.76	0.000	2.599
2021-08-04 12:47:45 UTC	1	0110	0.00	45.87	0.000	2.605
2021-08-04 12:47:46 UTC	1	0110	0.00	45.45	0.000	2.581
2021-08-04 12:47:47 UTC	1	0110	0.00	45.59	0.000	2.588
2021-08-04 12:47:48 UTC	1	0110	0.00	46.14	0.000	2.620
2021-08-04 12:47:49 UTC	1	0110	0.00	45.85	0.000	2.604
2021-08-04 12:47:50 UTC	1	0110	0.00	45.23	0.000	2.568
2021-08-04 12:47:51 UTC	1	0110	0.00	45.63	0.000	2.591
2021-08-04 12:47:52 UTC	1	0110	0.00	46.05	0.000	2.615
2021-08-04 12:47:53 UTC	1	0110	0.00	45.55	0.000	2.586
2021-08-04 12:47:54 UTC	1	0110	0.00	45.41	0.000	2.578
2021-08-04 12:47:56 UTC	1	0110	0.00	45.36	0.000	2.576
2021-08-04 12:47:56 UTC	1	0110	0.00	45.92	0.000	2.607
2021-08-04 12:47:57 UTC	1	0110	0.00	45.45	0.000	2.581
2021-08-04 12:47:58 UTC	1	0110	0.00	45.92	0.000	2.607
2021-08-04 12:47:59 UTC	1	0110	0.00	45.76	0.000	2.599
2021-08-04 12:48:00 UTC	1	0110	0.00	45.27	0.000	2.571
2021-08-04 12:48:01 UTC	1	0110	0.00	46.00	0.000	2.612
2021-08-04 12:48:02 UTC	1	0110	0.00	46.94	0.000	2.665
2021-08-04 12:48:03 UTC	1	0110	0.00	45.05	0.000	2.558
2021-08-04 12:48:04 UTC	1	0110	0.00	45.54	0.000	2.586
2021-08-04 12:48:05 UTC	1	0110	0.00	45.50	0.000	2.584
2021-08-04 12:48:06 UTC	1	0110	0.00	46.09	0.000	2.617
2021-08-04 12:48:07 UTC	1	0110	0.00	45.87	0.000	2.605
2021-08-04 12:48:08 UTC	1	0110	0.00	46.00	0.000	2.612
2021-08-04 12:48:09 UTC	1	0110	0.00	45.54	0.000	2.586
2021-08-04 12:48:10 UTC	1	0110	0.00	46.05	0.000	2.615
2021-08-04 12:48:11 UTC	1	0110	0.00	45.00	0.000	2.555
2021-08-04 12:48:12 UTC	1	0110	0.00	45.45	0.000	2.581
2021-08-04 12:48:14 UTC	1	0110	0.00	45.90	0.000	2.606
2021-08-04 12:48:15 UTC	1	0110	0.00	45.36	0.000	2.576
2021-08-04 12:48:16 UTC	1	0110	0.00	46.80	0.000	2.657
2021-08-04 12:48:17 UTC	1	0110	0.00	44.83	0.000	2.546
2021-08-04 12:48:17 UTC	1	0110	0.00	46.58	0.000	2.645
2021-08-04 12:48:19 UTC	1	0110	0.00	45.06	0.000	2.559
2021-08-04 12:48:20 UTC	1	0110	0.00	45.69	0.000	2.594
2021-08-04 12:48:21 UTC	1	0110	0.00	46.09	0.000	2.617
2021-08-04 12:48:22 UTC	1	0110	0.00	45.41	0.000	2.578
2021-08-04 12:48:23 UTC	1	0110	0.00	45.76	0.000	2.599
2021-08-04 12:48:24 UTC	1	0110	0.00	46.05	0.000	2.615
2021-08-04 12:48:25 UTC	1	0110	0.00	45.73	0.000	2.597
2021-08-04 12:48:26 UTC	1	0110	0.00	45.32	0.000	2.573
2021-08-04 12:48:27 UTC	1	0110	0.00	46.09	0.000	2.617
2021-08-04 12:48:28 UTC	1	0110	0.00	44.66	0.000	2.536
2021-08-04 12:48:29 UTC	1	0110	0.00	46.89	0.000	2.663
2021-08-04 12:48:30 UTC	1	0110	0.00	44.79	0.000	2.543
2021-08-04 12:48:31 UTC	1	0110	0.00	46.01	0.000	2.613
2021-08-04 12:48:32 UTC	1	0110	0.00	45.59	0.000	2.589
2021-08-04 12:48:33 UTC	1	0110	0.00	45.54	0.000	2.586
2021-08-04 12:48:34 UTC	1	0110	0.00	46.18	0.000	2.622
2021-08-04 12:48:35 UTC	1	0110	0.00	45.23	0.000	2.568
2021-08-04 12:48:36 UTC	1	0110	0.00	45.73	0.000	2.596
2021-08-04 12:48:37 UTC	1	0110	0.00	45.36	0.000	2.576
2021-08-04 12:48:38 UTC	1	0110	0.00	45.19	0.000	2.566
2021-08-04 12:48:39 UTC	1	0110	0.00	45.45	0.000	2.581
2021-08-04 12:48:40 UTC	1	0110	0.00	45.32	0.000	2.573
2021-08-04 12:48:41 UTC	1	0110	0.00	44.91	0.000	2.550
2021-08-04 12:48:42 UTC	1	0110	0.00	46.51	0.000	2.641
2021-08-04 12:48:43 UTC	1	0110	0.00	45.68	0.000	2.594
2021-08-04 12:48:44 UTC	1	0110	0.00	44.98	0.000	2.554
2021-08-04 12:48:45 UTC	1	0110	0.00	45.64	0.000	2.592
2021-08-04 12:48:46 UTC	1	0110	0.00	45.45	0.000	2.581
2021-08-04 12:48:47 UTC	1	0110	0.00	46.01	0.000	2.613
2021-08-04 12:48:48 UTC	1	0110	0.00	44.75	0.000	2.541
2021-08-04 12:48:49 UTC	1	0110	0.00	45.92	0.000	2.607
2021-08-04 12:48:50 UTC	1	0110	0.00	44.47	0.000	2.525
2021-08-04 12:48:51 UTC	1	0110	0.00	46.26	0.000	2.627
2021-08-04 12:48:52 UTC	1	0110	0.00	45.55	0.000	2.586
2021-08-04 12:48:53 UTC	1	0110	0.00	45.27	0.000	2.571
2021-08-04 12:48:54 UTC	1	0110	0.00	45.10	0.000	2.561
2021-08-04 12:48:55 UTC	1	0110	0.00	45.09	0.000	2.560
2021-08-04 12:48:56 UTC	1	0110	0.00	46.05	0.000	2.615
2021-08-04 12:48:57 UTC	1	0110	0.00	45.92	0.000	2.607
2021-08-04 12:48:58 UTC	1	0110	0.00	45.28	0.000	2.571
2021-08-04 12:48:59 UTC	1	0110	0.00	45.41	0.000	2.578
2021-08-04 12:49:00 UTC	1	0110	0.00	45.59	0.000	2.589
2021-08-04 12:49:01 UTC	1	0110	0.00	45.54	0.000	2.586
2021-08-04 12:49:02 UTC	1	0110	0.00	44.51	0.000	2.527
2021-08-04 12:49:03 UTC	1	0110	0.00	46.51	0.000	2.641
2021-08-04 12:49:04 UTC	1	0110	0.00	44.91	0.000	2.550
2021-08-04 12:49:05 UTC	1	0110	0.00	44.88	0.000	2.548
2021-08-04 12:49:06 UTC	1	0110	0.00	45.95	0.000	2.609
2021-08-04 12:49:07 UTC	1	0110	0.00	45.63	0.000	2.591
2021-08-04 12:49:08 UTC	1	0110	0.00	45.45	0.000	2.581
2021-08-04 12:49:09 UTC	1	0110	0.00	45.63	0.000	2.591
2021-08-04 12:49:10 UTC	1	0110	0.00	45.87	0.000	2.605
2021-08-04 12:49:11 UTC	1	0110	0.00	46.00	0.000	2.612
2021-08-04 12:49:12 UTC	1	0110	0.00	45.59	0.000	2.589
2021-08-04 12:49:13 UTC	1	0110	0.00	45.63	0.000	2.591
2021-08-04 12:49:14 UTC	1	0110	0.00	45.05	0.000	2.558
2021-08-04 12:49:15 UTC	1	0110	0.00	46.05	0.000	2.615
2021-08-04 12:49:16 UTC	1	0110	0.00	45.23	0.000	2.568
2021-08-04 12:49:17 UTC	1	0110	0.00	46.09	0.000	2.617
2021-08-04 12:49:18 UTC	1	0110	0.00	45.54	0.000	2.586
2021-08-04 12:49:19 UTC	1	0110	0.00	45.63	0.000	2.591
2021-08-04 12:49:20 UTC	1	0110	0.00	44.96	0.000	2.553
2021-08-04 12:49:21 UTC	1	0110	0.00	45.41	0.000	2.578
2021-08-04 12:49:22 UTC	1	0110	0.00	45.95	0.000	2.609
2021-08-04 12:49:23 UTC	1	0110	0.00	46.18	0.000	2.622
2021-08-04 12:49:24 UTC	1	0110	0.00	44.70	0.000	2.538
2021-08-04 12:49:25 UTC	1	0110	0.00	44.96	0.000	2.553
2021-08-04 12:49:26 UTC	1	0110	0.00	46.00	0.000	2.612
2021-08-04 12:49:27 UTC	1	0110	0.00	45.60	0.000	2.589
2021-08-04 12:49:28 UTC	1	0110	0.00	45.45	0.000	2.581
2021-08-04 12:49:29 UTC	1	0110	0.00	45.41	0.000	2.578
2021-08-04 12:49:30 UTC	1	0110	0.00	45.63	0.000	2.591
2021-08-04 12:49:31 UTC	1	0110	0.00	45.50	0.000	2.584
2021-08-04 12:49:32 UTC	1	0110	0.00	46.35	0.000	2.632
2021-08-04 12:49:33 UTC	1	0110	0.00	45.09	0.000	2.560
2021-08-04 12:49:34 UTC	1	0110	0.00	46.14	0.000	2.620
2021-08-04 12:49:35 UTC	1	0110	0.00	45.14	0.000	2.563
2021-08-04 12:49:36 UTC	1	0110	0.00	46.09	0.000	2.617
2021-08-04 12:49:37 UTC	1	0110	0.00	44.83	0.000	2.546
2021-08-04 12:49:38 UTC	1	0110	0.00	45.59	0.000	2.589
2021-08-04 12:49:39 UTC	1	0110	0.00	45.95	0.000	2.609
2021-08-04 12:49:40 UTC	1	0110	0.00	46.28	0.000	2.628
2021-08-04 12:49:41 UTC	1	0110	0.00	45.45	0.000	2.581
2021-08-04 12:49:42 UTC	1	0110	0.00	45.18	0.000	2.565
2021-08-04 12:49:43 UTC	1	0110	0.00	45.59	0.000	2.589
2021-08-04 12:49:44 UTC	1	0110	0.00	45.10	0.000	2.561
2021-08-04 12:49:45 UTC	1	0110	0.00	46.26	0.000	2.627
2021-08-04 12:49:46 UTC	1	0110	0.00	45.87	0.000	2.605
2021-08-04 12:49:47 UTC	1	0110	0.00	45.41	0.000	2.578
2021-08-04 12:49:48 UTC	1	0110	0.00	45.50	0.000	2.584
2021-08-04 12:49:49 UTC	1	0110	0.00	45.76	0.000	2.599
2021-08-04 12:49:50 UTC	1	0110	0.00	45.87	0.000	2.605
2021-08-04 12:49:51 UTC	1	0110	0.00	45.68	0.000	2.594
2021-08-04 12:49:52 UTC	1	0110	0.00	44.40	0.000	2.521
2021-08-04 12:49:53 UTC	1	0110	0.00	46.84	0.000	2.660
2021-08-04 12:49:54 UTC	1	0110	0.00	45.05	0.000	2.558
2021-08-04 12:49:55 UTC	1	0110	0.00	45.68	0.000	2.594
2021-08-04 12:49:56 UTC	1	0110	0.00	45.73	0.000	2.596
2021-08-04 12:49:57 UTC	1	0110	0.00	46.00	0.000	2.612
2021-08-04 12:49:58 UTC	1	0110	0.00	45.50	0.000	2.584
2021-08-04 12:49:59 UTC	1	0110	0.00	46.05	0.000	2.615
2021-08-04 12:50:00 UTC	1	0110	0.00	45.05	0.000	2.558
2021-08-04 12:50:01 UTC	1	0110	0.00	45.95	0.000	2.609
2021-08-04 12:50:02 UTC	1	0110	0.00	45.28	0.000	2.571
2021-08-04 12:50:03 UTC	1	0110	0.00	46.09	0.000	2.617
2021-08-04 12:50:04 UTC	1	0110	0.00	45.45	0.000	2.581
2021-08-04 12:50:05 UTC	1	0110	0.00	45.14	0.000	2.563
2021-08-04 12:50:06 UTC	1	0110	0.00	45.45	0.000	2.581
2021-08-04 12:50:07 UTC	1	0110	0.00	46.05	0.000	2.615
2021-08-04 12:50:08 UTC	1	0110	0.00	46.14	0.000	2.620
2021-08-04 12:50:09 UTC	1	0110	0.00	45.05	0.000	2.558
2021-08-04 12:50:10 UTC	1	0110	0.00	45.63	0.000	2.591
2021-08-04 12:50:11 UTC	1	0110	0.00	45.69	0.000	2.594
2021-08-04 12:50:12 UTC	1	0110	0.00	45.36	0.000	2.576
2021-08-04 12:50:13 UTC	1	0110	0.00	45.85	0.000	2.604
2021-08-04 12:50:14 UTC	1	0110	0.00	46.63	0.000	2.648
2021-08-04 12:50:15 UTC	1	0110	0.00	45.59	0.000	2.589
2021-08-04 12:50:16 UTC	1	0110	0.00	44.96	0.000	2.553
2021-08-04 12:50:17 UTC	1	0110	0.00	45.54	0.000	2.586
2021-08-04 12:50:18 UTC	1	0110	0.00	46.63	0.000	2.648
2021-08-04 12:50:19 UTC	1	0110	0.00	45.06	0.000	2.559
2021-08-04 12:50:20 UTC	1	0110	0.00	45.82	0.000	2.602
2021-08-04 12:50:21 UTC	1	0110	0.00	46.14	0.000	2.620
2021-08-04 12:50:22 UTC	1	0110	0.00	45.50	0.000	2.584
2021-08-04 12:50:23 UTC	1	0110	0.00	46.00	0.000	2.612
2021-08-04 12:50:24 UTC	1	0110	0.00	45.78	0.000	2.599
2021-08-04 12:50:25 UTC	1	0110	0.00	44.79	0.000	2.543
2021-08-04 12:50:26 UTC	1	0110	0.00	46.00	0.000	2.612
2021-08-04 12:50:27 UTC	1	0110	0.00	45.27	0.000	2.571
2021-08-04 12:50:28 UTC	1	0110	0.00	45.92	0.000	2.607
2021-08-04 12:50:29 UTC	1	0110	0.00	45.99	0.000	2.611
2021-08-04 12:50:30 UTC	1	0110	0.00	46.05	0.000	2.615
2021-08-04 12:50:31 UTC	1	0110	0.00	44.87	0.000	2.548
2021-08-04 12:50:32 UTC	1	0110	0.00	46.14	0.000	2.620
2021-08-04 12:50:33 UTC	1	0110	0.00	44.70	0.000	2.538
2021-08-04 12:50:34 UTC	1	0110	0.00	46.63	0.000	2.648
2021-08-04 12:50:35 UTC	1	0110	0.00	44.79	0.000	2.543
2021-08-04 12:50:36 UTC	1	0110	0.00	46.80	0.000	2.657
2021-08-04 12:50:37 UTC	1	0110	0.00	45.18	0.000	2.565
2021-08-04 12:50:38 UTC	1	0110	0.00	46.00	0.000	2.612
2021-08-04 12:50:39 UTC	1	0110	0.00	44.66	0.000	2.536
2021-08-04 12:50:40 UTC	1	0110	0.00	46.34	0.000	2.631
2021-08-04 12:50:41 UTC	1	0110	0.00	46.00	0.000	2.612
2021-08-04 12:50:42 UTC	1	0110	0.00	45.23	0.000	2.568
2021-08-04 12:50:43 UTC	1	0110	0.00	45.90	0.000	2.606
2021-08-04 12:50:44 UTC	1	0110	0.00	44.96	0.000	2.553
2021-08-04 12:50:45 UTC	1	0110	0.00	46.05	0.000	2.615
2021-08-04 12:50:46 UTC	1	0110	0.00	45.82	0.000	2.602
2021-08-04 12:50:47 UTC	1	0110	0.00	46.09	0.000	2.617
2021-08-04 12:50:48 UTC	1	0110	0.00	45.45	0.000	2.581
2021-08-04 12:50:49 UTC	1	0110	0.00	44.96	0.000	2.553
2021-08-04 12:50:50 UTC	1	0110	0.00	45.78	0.000	2.599
2021-08-04 12:50:51 UTC	1	0110	0.00	46.18	0.000	2.622
2021-08-04 12:50:52 UTC	1	0110	0.00	44.97	0.000	2.553
2021-08-04 12:50:53 UTC	1	0110	0.00	46.26	0.000	2.627
2021-08-04 12:50:54 UTC	1	0110	0.00	45.59	0.000	2.589
2021-08-04 12:50:55 UTC	1	0110	0.00	45.82	0.000	2.602
2021-08-04 12:50:56 UTC	1	0110	0.00	45.32	0.000	2.573
2021-08-04 12:50:57 UTC	1	0110	0.00	45.27	0.000	2.571
2021-08-04 12:50:58 UTC	1	0110	0.00	46.35	0.000	2.632
2021-08-04 12:50:59 UTC	1	0110	0.00	45.28	0.000	2.571
2021-08-04 12:51:00 UTC	1	0110	0.00	45.63	0.000	2.591
2021-08-04 12:51:01 UTC	1	0110	0.00	46.54	0.000	2.642
2021-08-04 12:51:02 UTC	1	0110	0.00	45.32	0.000	2.573
2021-08-04 12:51:03 UTC	1	0110	0.00	45.85	0.000	2.604
2021-08-04 12:51:04 UTC	1	0110	0.00	45.69	0.000	2.594
2021-08-04 12:51:05 UTC	1	0110	0.00	45.54	0.000	2.586
2021-08-04 12:51:06 UTC	1	0110	0.00	45.59	0.000	2.589
2021-08-04 12:51:07 UTC	1	0110	0.00	45.59	0.000	2.589
2021-08-04 12:51:08 UTC	1	0110	0.00	45.95	0.000	2.609
2021-08-04 12:51:09 UTC	1	0110	0.00	45.28	0.000	2.571
2021-08-04 12:51:10 UTC	1	0110	0.00	46.09	0.000	2.617
2021-08-04 12:51:11 UTC	1	0110	0.00	46.00	0.000	2.612
2021-08-04 12:51:12 UTC	1	0110	0.00	44.47	0.000	2.525
2021-08-04 12:51:13 UTC	1	0110	0.00	46.14	0.000	2.620
2021-08-04 12:51:14 UTC	1	0110	0.00	46.31	0.000	2.629
2021-08-04 12:51:15 UTC	1	0110	0.00	45.06	0.000	2.559
2021-08-04 12:51:16 UTC	1	0110	0.00	45.05	0.000	2.558
2021-08-04 12:51:17 UTC	1	0110	0.00	46.89	0.000	2.663
2021-08-04 12:51:18 UTC	1	0110	0.00	44.75	0.000	2.541
2021-08-04 12:51:19 UTC	1	0110	0.00	45.97	0.000	2.610
2021-08-04 12:51:20 UTC	1	0110	0.00	45.24	0.000	2.569
2021-08-04 12:51:21 UTC	1	0110	0.00	46.00	0.000	2.612
2021-08-04 12:51:22 UTC	1	0110	0.00	45.87	0.000	2.605
2021-08-04 12:51:23 UTC	1	0110	0.00	46.14	0.000	2.620
2021-08-04 12:51:24 UTC	1	0110	0.00	45.06	0.000	2.559
2021-08-04 12:51:25 UTC	1	0110	0.00	45.82	0.000	2.602
2021-08-04 12:51:26 UTC	1	0110	0.00	44.75	0.000	2.541
2021-08-04 12:51:27 UTC	1	0110	0.00	45.31	0.000	2.573
2021-08-04 12:51:28 UTC	1	0110	0.00	45.10	0.000	2.561
2021-08-04 12:51:29 UTC	1	0110	0.00	45.82	0.000	2.602
2021-08-04 12:51:30 UTC	1	0110	0.00	44.31	0.000	2.516
2021-08-04 12:51:31 UTC	1	0110	0.00	45.95	0.000	2.609
2021-08-04 12:51:32 UTC	1	0110	0.00	44.20	0.000	2.510
2021-08-04 12:51:33 UTC	1	0110	0.00	45.91	0.000	2.607
2021-08-04 12:51:34 UTC	1	0110	0.00	46.00	0.000	2.612
2021-08-04 12:51:35 UTC	1	0110	0.00	44.82	0.000	2.545
2021-08-04 12:51:36 UTC	1	0110	0.00	45.82	0.000	2.602
2021-08-04 12:51:37 UTC	1	0110	0.00	45.09	0.000	2.560
2021-08-04 12:51:38 UTC	1	0110	0.00	44.66	0.000	2.536
2021-08-04 12:51:39 UTC	1	0110	0.00	45.87	0.000	2.605
2021-08-04 12:51:40 UTC	1	0110	0.00	44.88	0.000	2.548
2021-08-04 12:51:41 UTC	1	0110	0.00	46.05	0.000	2.615
2021-08-04 12:51:42 UTC	1	0110	0.00	45.63	0.000	2.591
2021-08-04 12:51:43 UTC	1	0110	0.00	45.87	0.000	2.605
2021-08-04 12:51:44 UTC	1	0110	0.00	45.05	0.000	2.558
2021-08-04 12:51:45 UTC	1	0110	0.00	44.79	0.000	2.543
2021-08-04 12:51:46 UTC	1	0110	0.00	45.00	0.000	2.555
2021-08-04 12:51:47 UTC	1	0110	0.00	45.81	0.000	2.601
2021-08-04 12:51:48 UTC	1	0110	0.00	45.18	0.000	2.565
2021-08-04 12:51:49 UTC	1	0110	0.00	45.00	0.000	2.555
2021-08-04 12:51:50 UTC	1	0110	0.00	45.50	0.000	2.584
2021-08-04 12:51:51 UTC	1	0110	0.00	45.45	0.000	2.581
2021-08-04 12:51:52 UTC	1	0110	0.00	45.00	0.000	2.555
2021-08-04 12:51:53 UTC	1	0110	0.00	44.66	0.000	2.536
2021-08-04 12:51:54 UTC	1	0110	0.00	45.74	0.000	2.597
2021-08-04 12:51:55 UTC	1	0110	0.00	45.23	0.000	2.568
2021-08-04 12:51:56 UTC	1	0110	0.00	44.69	0.000	2.537
2021-08-04 12:51:57 UTC	1	0110	0.00	45.00	0.000	2.555
2021-08-04 12:51:58 UTC	1	0110	0.00	45.00	0.000	2.555
2021-08-04 12:51:59 UTC	1	0110	0.00	44.75	0.000	2.541
2021-08-04 12:52:00 UTC	1	0110	0.00	45.00	0.000	2.555
2021-08-04 12:52:01 UTC	1	0110	0.00	44.76	0.000	2.542
2021-08-04 12:52:02 UTC	1	0110	0.00	45.23	0.000	2.568
2021-08-04 12:52:03 UTC	1	0110	0.00	45.64	0.000	2.592
2021-08-04 12:52:04 UTC	1	0110	0.00	44.96	0.000	2.553
2021-08-04 12:52:05 UTC	1	0110	0.00	45.41	0.000	2.578
2021-08-04 12:52:06 UTC	1	0110	0.00	44.75	0.000	2.541
2021-08-04 12:52:07 UTC	1	0110	0.00	46.58	0.000	2.645
2021-08-04 12:52:08 UTC	1	0110	0.00	44.79	0.000	2.543
2021-08-04 12:52:09 UTC	1	0110	0.00	45.97	0.000	2.610
2021-08-04 12:52:10 UTC	1	0110	0.00	44.75	0.000	2.541
2021-08-04 12:52:11 UTC	1	0110	0.00	45.32	0.000	2.573
2021-08-04 12:52:12 UTC	1	0110	0.00	45.69	0.000	2.594
2021-08-04 12:52:13 UTC	1	0110	0.00	46.00	0.000	2.612
2021-08-04 12:52:14 UTC	1	0110	0.00	45.05	0.000	2.558
2021-08-04 12:52:15 UTC	1	0110	0.00	45.23	0.000	2.568
2021-08-04 12:52:16 UTC	1	0110	0.00	45.60	0.000	2.589
2021-08-04 12:52:17 UTC	1	0110	0.00	46.00	0.000	2.612
2021-08-04 12:52:18 UTC	1	0110	0.00	45.05	0.000	2.558
2021-08-04 12:52:19 UTC	1	0110	0.00	45.81	0.000	2.601
2021-08-04 12:52:20 UTC	1	0110	0.00	45.09	0.000	2.560
2021-08-04 12:52:21 UTC	1	0110	0.00	45.54	0.000	2.586
2021-08-04 12:52:22 UTC	1	0110	0.00	45.45	0.000	2.581
2021-08-04 12:52:23 UTC	1	0110	0.00	46.26	0.000	2.627
2021-08-04 12:52:24 UTC	1	0110	0.00	44.66	0.000	2.536
2021-08-04 12:52:25 UTC	1	0110	0.00	46.01	0.000	2.613
2021-08-04 12:52:26 UTC	1	0110	0.00	45.41	0.000	2.578
2021-08-04 12:52:27 UTC	1	0110	0.00	46.14	0.000	2.620
2021-08-04 12:52:28 UTC	1	0110	0.00	45.69	0.000	2.594
2021-08-04 12:52:29 UTC	1	0110	0.00	45.11	0.000	2.561
2021-08-04 12:52:30 UTC	1	0110	0.00	45.64	0.000	2.592
2021-08-04 12:52:31 UTC	1	0110	0.00	44.79	0.000	2.543
2021-08-04 12:52:32 UTC	0	0110	0.00	46.80	0.000	2.657
2021-08-04 12:52:33 UTC	0	1110	0.00	45.09	0.000	2.560
2021-08-04 12:52:34 UTC	0	1110	0.00	45.28	0.000	2.571
2021-08-04 12:52:35 UTC	0	1110	0.00	45.78	0.000	2.599
2021-08-04 12:52:36 UTC	0	1110	0.00	45.36	0.000	2.576
2021-08-04 12:52:37 UTC	0	1110	0.00	45.41	0.000	2.578
2021-08-04 12:52:38 UTC	0	1110	0.00	45.95	0.000	2.609
2021-08-04 12:52:39 UTC	0	1110	0.00	44.93	0.000	2.551
2021-08-04 12:52:40 UTC	0	1110	0.00	45.32	0.000	2.573
2021-08-04 12:52:41 UTC	0	1110	0.00	46.28	0.000	2.628
2021-08-04 12:52:42 UTC	0	1110	0.00	45.00	0.000	2.555
2021-08-04 12:52:43 UTC	0	1110	0.00	46.26	0.000	2.627
2021-08-04 12:52:44 UTC	0	1110	0.00	45.36	0.000	2.576
2021-08-04 12:52:46 UTC	0	1110	0.00	44.98	0.000	2.554
2021-08-04 12:52:46 UTC	0	1110	0.00	46.14	0.000	2.620
2021-08-04 12:52:47 UTC	0	1110	0.00	45.09	0.000	2.560
2021-08-04 12:52:49 UTC	0	1110	0.00	45.02	0.000	2.556
2021-08-04 12:52:49 UTC	0	1110	0.00	45.55	0.000	2.586
2021-08-04 12:52:51 UTC	0	1110	0.00	45.59	0.000	2.589
2021-08-04 12:52:52 UTC	0	1110	0.00	45.95	0.000	2.609
2021-08-04 12:52:53 UTC	0	1110	0.00	44.97	0.000	2.553
2021-08-04 12:52:54 UTC	0	1110	0.00	44.96	0.000	2.553
2021-08-04 12:52:54 UTC	0	1110	0.00	46.58	0.000	2.645
2021-08-04 12:52:55 UTC	0	1110	0.00	45.09	0.000	2.560
2021-08-04 12:52:57 UTC	0	1110	0.00	45.54	0.000	2.586
2021-08-04 12:52:58 UTC	0	1110	0.00	46.26	0.000	2.627
2021-08-04 12:52:59 UTC	0	1110	0.00	45.28	0.000	2.571
2021-08-04 12:53:00 UTC	0	1110	0.00	45.54	0.000	2.586
2021-08-04 12:53:01 UTC	0	1110	0.00	45.82	0.000	2.602
2021-08-04 12:53:02 UTC	0	1110	0.00	45.41	0.000	2.578
2021-08-04 12:53:03 UTC	0	1110	0.00	44.70	0.000	2.538
2021-08-04 12:53:04 UTC	0	1110	0.00	46.23	0.000	2.625
2021-08-04 12:53:05 UTC	0	1110	0.00	45.18	0.000	2.565
2021-08-04 12:53:09 UTC	0	1110	0.00	46.26	0.000	2.627
2021-08-04 12:53:10 UTC	0	1110	0.00	45.63	0.000	2.591
2021-08-04 12:53:11 UTC	0	1110	0.00	45.50	0.000	2.584
2021-08-04 12:53:12 UTC	0	1110	0.00	44.47	0.000	2.525
2021-08-04 12:53:13 UTC	0	1110	0.00	46.23	0.000	2.625
2021-08-04 12:53:14 UTC	0	1110	0.00	45.06	0.000	2.559
2021-08-04 12:53:15 UTC	0	1110	0.00	45.64	0.000	2.592
2021-08-04 12:53:16 UTC	0	1110	0.00	45.54	0.000	2.586
2021-08-04 12:53:17 UTC	0	1110	0.00	45.02	0.000	2.556
2021-08-04 12:53:18 UTC	0	1110	0.00	46.06	0.000	2.615
2021-08-04 12:53:19 UTC	0	1110	0.00	45.91	0.000	2.607
2021-08-04 12:53:20 UTC	0	1110	0.00	45.05	0.000	2.558
2021-08-04 12:53:21 UTC	0	1110	0.00	46.00	0.000	2.612
2021-08-04 12:53:22 UTC	0	1110	0.00	44.70	0.000	2.538
2021-08-04 12:53:23 UTC	0	1110	0.00	46.68	0.000	2.651
2021-08-04 12:53:24 UTC	0	1110	0.00	45.09	0.000	2.560
2021-08-04 12:53:25 UTC	0	1110	0.00	46.00	0.000	2.612
2021-08-04 12:53:26 UTC	0	1110	0.00	45.54	0.000	2.586
2021-08-04 12:53:27 UTC	0	1110	0.00	45.00	0.000	2.555
2021-08-04 12:53:28 UTC	0	1110	0.00	44.79	0.000	2.543
2021-08-04 12:53:29 UTC	0	1110	0.00	46.84	0.000	2.660
2021-08-04 12:53:30 UTC	0	1110	0.00	44.76	0.000	2.542
2021-08-04 12:53:31 UTC	0	1110	0.00	45.73	0.000	2.596
2021-08-04 12:53:32 UTC	0	1110	0.00	45.45	0.000	2.581
2021-08-04 12:53:33 UTC	0	1110	0.00	45.85	0.000	2.604
2021-08-04 12:53:34 UTC	0	1110	0.00	45.73	0.000	2.597
2021-08-04 12:53:35 UTC	0	1110	0.00	45.63	0.000	2.591
2021-08-04 12:53:36 UTC	0	1110	0.00	46.05	0.000	2.615
2021-08-04 12:53:37 UTC	0	1110	0.00	45.14	0.000	2.563
2021-08-04 12:53:38 UTC	0	1110	0.00	45.73	0.000	2.597
2021-08-04 12:53:39 UTC	0	1110	0.00	44.75	0.000	2.541
2021-08-04 12:53:40 UTC	0	1110	0.00	46.25	0.000	2.626
2021-08-04 12:53:41 UTC	0	1110	0.00	45.09	0.000	2.560
2021-08-04 12:53:42 UTC	0	1110	0.00	45.63	0.000	2.591
2021-08-04 12:53:43 UTC	0	1110	0.00	45.87	0.000	2.605
2021-08-04 12:53:44 UTC	0	1110	0.00	44.55	0.000	2.530
2021-08-04 12:53:45 UTC	0	1110	0.00	46.61	0.000	2.646
2021-08-04 12:53:46 UTC	0	1110	0.00	45.23	0.000	2.568
2021-08-04 12:53:47 UTC	0	1110	0.00	44.96	0.000	2.553
2021-08-04 12:53:48 UTC	0	1110	0.00	45.32	0.000	2.573
2021-08-04 12:53:49 UTC	0	1110	0.00	45.95	0.000	2.609
2021-08-04 12:53:50 UTC	0	1110	0.00	45.06	0.000	2.559
2021-08-04 12:53:51 UTC	0	1110	0.00	46.25	0.000	2.626
2021-08-04 12:53:52 UTC	0	1110	0.00	44.70	0.000	2.538
2021-08-04 12:53:53 UTC	0	1110	0.00	45.94	0.000	2.609
2021-08-04 12:53:54 UTC	0	1110	0.00	45.87	0.000	2.605
2021-08-04 12:53:55 UTC	0	1110	0.00	46.14	0.000	2.620
2021-08-04 12:53:56 UTC	0	1110	0.00	44.62	0.000	2.533
2021-08-04 12:53:57 UTC	0	1110	0.00	45.00	0.000	2.555
2021-08-04 12:53:58 UTC	0	1110	0.00	46.05	0.000	2.615
2021-08-04 12:54:16 UTC	-1	0000	0.00	45.09	0.000	2.560
2021-08-04 12:54:17 UTC	-1	0000	0.00	45.11	0.000	2.561
2021-08-04 12:54:18 UTC	-1	0000	0.00	45.45	0.000	2.581
2021-08-04 12:54:19 UTC	-1	0000	0.00	45.36	0.000	2.576
2021-08-04 12:54:20 UTC	-1	0000	0.00	45.06	0.000	2.559
2021-08-04 12:54:21 UTC	-1	0000	0.00	45.92	0.000	2.607
2021-08-04 12:54:22 UTC	-1	0000	0.00	44.79	0.000	2.543
2021-08-04 12:54:23 UTC	-1	0000	0.00	45.09	0.000	2.560
2021-08-04 12:54:24 UTC	-1	0000	0.00	45.05	0.000	2.558
2021-08-04 12:54:25 UTC	-1	0000	0.00	44.70	0.000	2.538
2021-08-04 12:54:26 UTC	-1	0000	0.00	46.68	0.000	2.651
2021-08-04 12:54:27 UTC	-1	0000	0.00	44.10	0.000	2.504
2021-08-04 12:54:28 UTC	-1	0000	0.00	45.82	0.000	2.602
2021-08-04 12:54:29 UTC	-1	0000	0.00	46.05	0.000	2.615
2021-08-04 12:54:30 UTC	-1	0000	0.00	44.79	0.000	2.543
2021-08-04 12:54:31 UTC	-1	0000	0.00	45.59	0.000	2.589
2021-08-04 12:54:33 UTC	-1	0000	0.00	44.93	0.000	2.551
2021-08-04 12:54:33 UTC	-1	0000	0.00	45.50	0.000	2.584
2021-08-04 12:54:34 UTC	-1	0000	0.00	45.18	0.000	2.565
2021-08-04 12:54:35 UTC	-1	0000	0.00	45.28	0.000	2.571
2021-08-04 12:54:42 UTC	-1	0000	0.00	46.26	0.000	2.627
2021-08-04 12:54:43 UTC	-1	0010	0.00	44.75	0.000	2.541
2021-08-04 12:54:44 UTC	-1	0010	0.00	45.82	0.000	2.602
2021-08-04 12:54:45 UTC	0	0010	0.00	46.31	0.000	2.629
2021-08-04 12:54:46 UTC	0	1010	0.00	44.25	0.000	2.512
2021-08-04 12:54:47 UTC	0	1010	0.00	46.58	0.000	2.645
2021-08-04 12:54:48 UTC	0	1010	0.00	44.79	0.000	2.543
2021-08-04 12:54:49 UTC	0	1010	0.00	49.03	0.000	2.784
2021-08-04 12:54:50 UTC	0	1010	0.00	47.57	0.000	2.701
2021-08-04 12:54:51 UTC	0	1010	0.00	48.78	0.000	2.770
2021-08-04 12:54:52 UTC	0	1010	0.00	49.03	0.000	2.784
2021-08-04 12:54:53 UTC	0	1010	0.00	48.51	0.000	2.755
2021-08-04 12:54:54 UTC	0	1010	0.00	47.43	0.000	2.693
2021-08-04 12:54:55 UTC	0	1010	0.00	49.41	0.000	2.805
2021-08-04 12:54:56 UTC	0	1010	0.00	49.64	0.000	2.819
2021-08-04 12:54:57 UTC	0	1010	0.00	48.14	0.000	2.734
2021-08-04 12:54:58 UTC	0	1010	0.00	47.80	0.000	2.714
2021-08-04 12:54:59 UTC	0	1010	0.00	50.00	0.000	2.839
2021-08-04 12:55:00 UTC	0	1010	0.00	48.28	0.000	2.741
2021-08-04 12:55:01 UTC	0	1010	0.00	48.80	0.000	2.771
2021-08-04 12:55:02 UTC	0	1010	0.00	49.00	0.000	2.782
2021-08-04 12:55:03 UTC	0	1010	0.00	48.93	0.000	2.778
2021-08-04 12:55:04 UTC	0	1010	0.00	48.56	0.000	2.757
2021-08-04 12:55:05 UTC	0	1010	0.00	48.37	0.000	2.747
2021-08-04 12:55:06 UTC	0	1010	0.00	49.26	0.000	2.797
2021-08-04 12:55:07 UTC	0	1010	0.00	47.90	0.000	2.720
2021-08-04 12:55:08 UTC	0	1010	0.00	48.90	0.000	2.776
2021-08-04 12:55:09 UTC	0	1010	0.00	48.83	0.000	2.773
2021-08-04 12:55:10 UTC	0	1010	0.00	48.24	0.000	2.739
2021-08-04 12:55:11 UTC	0	1010	0.00	48.93	0.000	2.778
2021-08-04 12:55:12 UTC	0	1010	0.00	49.41	0.000	2.805
2021-08-04 12:55:13 UTC	0	1010	0.00	48.13	0.000	2.733
2021-08-04 12:55:14 UTC	0	1010	0.00	49.21	0.000	2.794
2021-08-04 12:55:15 UTC	0	1010	0.00	47.67	0.000	2.706
2021-08-04 12:55:16 UTC	0	1010	0.00	50.05	0.000	2.842
2021-08-04 12:55:17 UTC	0	1010	0.00	47.43	0.000	2.693
2021-08-04 12:55:18 UTC	0	1010	0.00	49.30	0.000	2.799
2021-08-04 12:55:19 UTC	0	1010	0.00	49.15	0.000	2.791
2021-08-04 12:55:20 UTC	0	1010	0.00	48.42	0.000	2.749
2021-08-04 12:55:21 UTC	0	1010	0.00	48.19	0.000	2.736
2021-08-04 12:55:22 UTC	0	1010	0.00	48.73	0.000	2.767
2021-08-04 12:55:23 UTC	0	1010	0.00	48.98	0.000	2.781
2021-08-04 12:55:24 UTC	0	1010	0.00	48.66	0.000	2.763
2021-08-04 12:55:25 UTC	0	1010	0.00	48.50	0.000	2.754
2021-08-04 12:55:26 UTC	0	1010	0.00	48.54	0.000	2.756
2021-08-04 12:55:27 UTC	0	1010	0.00	48.28	0.000	2.741
2021-08-04 12:55:28 UTC	0	1010	0.00	48.83	0.000	2.773
2021-08-04 12:55:29 UTC	0	1010	0.00	47.48	0.000	2.696
2021-08-04 12:55:30 UTC	0	1010	0.00	48.78	0.000	2.770
2021-08-04 12:55:31 UTC	0	1010	0.00	48.14	0.000	2.734
2021-08-04 12:55:32 UTC	0	1010	0.00	47.57	0.000	2.701
2021-08-04 12:55:33 UTC	0	1010	0.00	48.18	0.000	2.736
2021-08-04 12:55:34 UTC	0	1010	0.00	48.28	0.000	2.741
2021-08-04 12:55:35 UTC	0	1010	0.00	47.57	0.000	2.701
2021-08-04 12:55:36 UTC	0	1010	0.00	48.88	0.000	2.775
2021-08-04 12:55:37 UTC	0	1010	0.00	46.69	0.000	2.651
2021-08-04 12:55:38 UTC	0	1010	0.00	49.10	0.000	2.788
2021-08-04 12:55:39 UTC	0	1010	0.00	48.98	0.000	2.781
2021-08-04 12:55:40 UTC	0	1010	0.00	47.67	0.000	2.706
2021-08-04 12:55:41 UTC	0	1010	0.00	49.10	0.000	2.788
2021-08-04 12:55:42 UTC	0	1010	0.00	47.76	0.000	2.712
2021-08-04 12:55:43 UTC	0	1010	0.00	48.28	0.000	2.741
2021-08-04 12:55:44 UTC	0	1010	0.00	48.93	0.000	2.778
2021-08-04 12:55:45 UTC	0	1010	0.00	48.90	0.000	2.776
2021-08-04 12:55:46 UTC	0	1010	0.00	47.76	0.000	2.712
2021-08-04 12:55:47 UTC	0	1010	0.00	49.05	0.000	2.785
2021-08-04 12:55:48 UTC	0	1010	0.00	49.15	0.000	2.791
2021-08-04 12:55:49 UTC	0	1010	0.00	48.37	0.000	2.747
2021-08-04 12:55:50 UTC	0	1010	0.00	48.10	0.000	2.731
2021-08-04 12:55:51 UTC	0	1010	0.00	49.16	0.000	2.792
2021-08-04 12:55:52 UTC	0	1010	0.00	47.85	0.000	2.717
2021-08-04 12:55:53 UTC	0	1010	0.00	49.20	0.000	2.793
2021-08-04 12:55:54 UTC	0	1010	0.00	48.90	0.000	2.777
2021-08-04 12:55:55 UTC	0	1010	0.00	47.86	0.000	2.717
2021-08-04 12:55:56 UTC	0	1010	0.00	49.36	0.000	2.803
2021-08-04 12:55:57 UTC	0	1010	0.00	48.51	0.000	2.755
2021-08-04 12:55:58 UTC	0	1010	0.00	48.83	0.000	2.773
2021-08-04 12:55:59 UTC	0	1010	0.00	47.94	0.000	2.722
2021-08-04 12:56:00 UTC	0	1010	0.00	48.34	0.000	2.745
2021-08-04 12:56:01 UTC	0	1010	0.00	49.21	0.000	2.794
2021-08-04 12:56:02 UTC	0	1010	0.00	49.15	0.000	2.791
2021-08-04 12:56:03 UTC	0	1010	0.00	48.18	0.000	2.736
2021-08-04 12:56:04 UTC	0	1010	0.00	49.79	0.000	2.827
2021-08-04 12:56:05 UTC	0	1010	0.00	47.86	0.000	2.717
2021-08-04 12:56:06 UTC	0	1010	0.00	48.40	0.000	2.748
2021-08-04 12:56:07 UTC	0	1010	0.00	48.88	0.000	2.775
2021-08-04 12:56:08 UTC	0	1010	0.00	48.88	0.000	2.775
2021-08-04 12:56:09 UTC	0	1010	0.00	48.64	0.000	2.762
2021-08-04 12:56:10 UTC	0	1010	0.00	48.18	0.000	2.736
2021-08-04 12:56:11 UTC	0	1010	0.00	49.05	0.000	2.785
2021-08-04 12:56:12 UTC	0	1010	0.00	48.70	0.000	2.766
2021-08-04 12:56:13 UTC	0	1010	0.00	48.64	0.000	2.762
2021-08-04 12:56:14 UTC	0	1010	0.00	49.69	0.000	2.821
2021-08-04 12:56:15 UTC	0	1010	0.00	48.10	0.000	2.731
2021-08-04 12:56:16 UTC	0	1010	0.00	48.73	0.000	2.767
2021-08-04 12:56:17 UTC	0	1010	0.00	48.88	0.000	2.775
2021-08-04 12:56:18 UTC	0	1010	0.00	48.51	0.000	2.755
2021-08-04 12:56:19 UTC	0	1010	0.00	49.10	0.000	2.788
2021-08-04 12:56:20 UTC	0	1010	0.00	47.94	0.000	2.722
2021-08-04 12:56:21 UTC	0	1010	0.00	49.90	0.000	2.833
2021-08-04 12:56:22 UTC	0	1010	0.00	48.14	0.000	2.734
2021-08-04 12:56:23 UTC	0	1010	0.00	48.47	0.000	2.752
2021-08-04 12:56:24 UTC	0	1010	0.00	49.26	0.000	2.797
2021-08-04 12:56:25 UTC	0	1010	0.00	47.62	0.000	2.704
2021-08-04 12:56:26 UTC	0	1010	0.00	49.15	0.000	2.791
2021-08-04 12:56:27 UTC	0	1010	0.00	48.99	0.000	2.782
2021-08-04 12:56:28 UTC	0	1010	0.00	48.93	0.000	2.778
2021-08-04 12:56:29 UTC	0	1010	0.00	48.71	0.000	2.766
2021-08-04 12:56:30 UTC	0	1010	0.00	48.07	0.000	2.729
2021-08-04 12:56:31 UTC	0	1010	0.00	48.29	0.000	2.742
2021-08-04 12:56:32 UTC	0	1010	0.00	49.10	0.000	2.788
2021-08-04 12:56:33 UTC	0	1010	0.00	49.21	0.000	2.794
2021-08-04 12:56:34 UTC	0	1010	0.00	48.93	0.000	2.778
2021-08-04 12:56:35 UTC	0	1010	0.00	48.73	0.000	2.767
2021-08-04 12:56:36 UTC	0	1010	0.00	48.83	0.000	2.773
2021-08-04 12:56:37 UTC	0	1010	0.00	48.37	0.000	2.747
2021-08-04 12:56:38 UTC	0	1010	0.00	48.56	0.000	2.757
2021-08-04 12:56:39 UTC	0	1010	0.00	48.59	0.000	2.759
2021-08-04 12:56:40 UTC	0	1010	0.00	49.00	0.000	2.782
2021-08-04 12:56:41 UTC	0	1010	0.00	48.83	0.000	2.773
2021-08-04 12:56:42 UTC	0	1010	0.00	48.32	0.000	2.744
2021-08-04 12:56:43 UTC	0	1010	0.00	49.26	0.000	2.797
2021-08-04 12:56:44 UTC	0	1010	0.00	48.66	0.000	2.763
2021-08-04 12:56:45 UTC	0	1010	0.00	48.34	0.000	2.745
2021-08-04 12:56:46 UTC	0	1010	0.00	48.47	0.000	2.752
2021-08-04 12:56:47 UTC	0	1010	0.00	49.46	0.000	2.808
2021-08-04 12:56:48 UTC	0	1010	0.00	47.86	0.000	2.717
2021-08-04 12:56:49 UTC	0	1010	0.00	49.60	0.000	2.817
2021-08-04 12:56:50 UTC	0	1010	0.00	48.10	0.000	2.731
2021-08-04 12:56:51 UTC	0	1010	0.00	48.90	0.000	2.777
2021-08-04 12:56:52 UTC	0	1010	0.00	48.42	0.000	2.749
2021-08-04 12:56:53 UTC	0	1010	0.00	49.65	0.000	2.819
2021-08-04 12:56:54 UTC	0	1010	0.00	47.67	0.000	2.706
2021-08-04 12:56:55 UTC	0	1010	0.00	48.28	0.000	2.741
2021-08-04 12:56:56 UTC	0	1010	0.00	48.88	0.000	2.775
2021-08-04 12:56:57 UTC	0	1010	0.00	49.31	0.000	2.800
2021-08-04 12:56:58 UTC	0	1010	0.00	48.64	0.000	2.762
2021-08-04 12:56:59 UTC	0	1010	0.00	47.96	0.000	2.723
2021-08-04 12:57:00 UTC	0	1010	0.00	49.55	0.000	2.814
2021-08-04 12:57:01 UTC	0	1010	0.00	48.83	0.000	2.773
2021-08-04 12:57:02 UTC	0	1010	0.00	48.56	0.000	2.757
2021-08-04 12:57:03 UTC	0	1010	0.00	47.94	0.000	2.722
2021-08-04 12:57:04 UTC	0	1010	0.00	48.88	0.000	2.775
2021-08-04 12:57:05 UTC	0	1010	0.00	49.15	0.000	2.791
2021-08-04 12:57:06 UTC	0	1010	0.00	47.67	0.000	2.706
2021-08-04 12:57:07 UTC	0	1010	0.00	49.79	0.000	2.827
2021-08-04 12:57:08 UTC	0	1010	0.00	47.67	0.000	2.706
2021-08-04 12:57:09 UTC	0	1010	0.00	50.10	0.000	2.845
2021-08-04 12:57:10 UTC	0	1010	0.00	48.14	0.000	2.734
2021-08-04 12:57:11 UTC	0	1010	0.00	48.85	0.000	2.774
2021-08-04 12:57:12 UTC	0	1010	0.00	48.78	0.000	2.770
2021-08-04 12:57:13 UTC	0	1010	0.00	48.61	0.000	2.760
2021-08-04 12:57:14 UTC	0	1010	0.00	49.15	0.000	2.791
2021-08-04 12:57:15 UTC	0	1010	0.00	47.34	0.000	2.688
2021-08-04 12:57:17 UTC	0	1010	0.00	49.51	0.000	2.811
2021-08-04 12:57:17 UTC	0	1010	0.00	48.83	0.000	2.773
2021-08-04 12:57:18 UTC	0	1010	0.00	48.93	0.000	2.778
2021-08-04 12:57:20 UTC	0	1010	0.00	48.83	0.000	2.773
2021-08-04 12:57:21 UTC	0	1010	0.00	48.69	0.000	2.764
2021-08-04 12:57:22 UTC	0	1010	0.00	47.48	0.000	2.696
2021-08-04 12:57:23 UTC	0	1010	0.00	49.21	0.000	2.794
2021-08-04 12:57:24 UTC	0	1010	0.00	48.32	0.000	2.744
2021-08-04 12:57:25 UTC	0	1010	0.00	49.15	0.000	2.791
2021-08-04 12:57:26 UTC	0	1010	0.00	49.05	0.000	2.785
2021-08-04 12:57:27 UTC	0	1010	0.00	47.90	0.000	2.720
2021-08-04 12:57:28 UTC	0	1010	0.00	48.09	0.000	2.730
2021-08-04 12:57:29 UTC	0	1010	0.00	49.64	0.000	2.819
2021-08-04 12:57:30 UTC	0	1010	0.00	48.03	0.000	2.727
2021-08-04 12:57:31 UTC	0	1010	0.00	48.65	0.000	2.763
2021-08-04 12:57:32 UTC	0	1010	0.00	49.15	0.000	2.791
2021-08-04 12:57:33 UTC	0	1010	0.00	48.29	0.000	2.742
2021-08-04 12:57:34 UTC	0	1010	0.00	49.31	0.000	2.800
2021-08-04 12:57:35 UTC	0	1010	0.00	47.62	0.000	2.704
2021-08-04 12:57:36 UTC	0	1010	0.00	48.39	0.000	2.747
2021-08-04 12:57:37 UTC	0	1010	0.00	48.61	0.000	2.760
2021-08-04 12:57:38 UTC	0	1010	0.00	49.13	0.000	2.790
2021-08-04 12:57:39 UTC	0	1010	0.00	49.15	0.000	2.791
2021-08-04 12:57:40 UTC	0	1010	0.00	48.18	0.000	2.736
2021-08-04 12:57:41 UTC	0	1010	0.00	49.69	0.000	2.821
2021-08-04 12:57:42 UTC	0	1010	0.00	48.37	0.000	2.747
2021-08-04 12:57:43 UTC	0	1010	0.00	47.76	0.000	2.712
2021-08-04 12:57:44 UTC	0	1010	0.00	49.48	0.000	2.810
2021-08-04 12:57:45 UTC	0	1010	0.00	48.64	0.000	2.762
2021-08-04 12:57:46 UTC	0	1010	0.00	48.95	0.000	2.779
2021-08-04 12:57:47 UTC	0	1010	0.00	48.39	0.000	2.747
2021-08-04 12:57:48 UTC	0	1010	0.00	49.03	0.000	2.784
2021-08-04 12:57:49 UTC	0	1010	0.00	48.80	0.000	2.771
2021-08-04 12:57:50 UTC	0	1010	0.00	48.65	0.000	2.763
2021-08-04 12:57:51 UTC	0	1010	0.00	48.40	0.000	2.748
2021-08-04 12:57:52 UTC	0	1010	0.00	48.88	0.000	2.775
2021-08-04 12:57:53 UTC	0	1010	0.00	48.94	0.000	2.779
2021-08-04 12:57:54 UTC	0	1010	0.00	48.56	0.000	2.757
2021-08-04 12:57:55 UTC	0	1010	0.00	48.88	0.000	2.775
2021-08-04 12:57:56 UTC	0	1010	0.00	49.31	0.000	2.800
2021-08-04 12:57:57 UTC	0	1010	0.00	49.10	0.000	2.788
2021-08-04 12:57:58 UTC	0	1010	0.00	47.85	0.000	2.717
2021-08-04 12:57:59 UTC	0	1010	0.00	49.08	0.000	2.787
2021-08-04 12:58:00 UTC	0	1010	0.00	48.37	0.000	2.747
2021-08-04 12:58:01 UTC	0	1010	0.00	49.75	0.000	2.825
2021-08-04 12:58:02 UTC	0	1010	0.00	49.00	0.000	2.782
2021-08-04 12:58:03 UTC	0	1010	0.00	48.19	0.000	2.736
2021-08-04 12:58:04 UTC	0	1010	0.00	48.37	0.000	2.747
2021-08-04 12:58:05 UTC	0	1010	0.00	49.05	0.000	2.785
2021-08-04 12:58:06 UTC	0	1010	0.00	48.98	0.000	2.781
2021-08-04 12:58:07 UTC	0	1010	0.00	48.64	0.000	2.762
2021-08-04 12:58:08 UTC	0	1010	0.00	48.88	0.000	2.775
2021-08-04 12:58:09 UTC	0	1010	0.00	49.07	0.000	2.786
2021-08-04 12:58:10 UTC	0	1010	0.00	48.98	0.000	2.781
2021-08-04 12:58:11 UTC	0	1010	0.00	48.47	0.000	2.752
2021-08-04 12:58:12 UTC	0	1010	0.00	48.98	0.000	2.781
2021-08-04 12:58:13 UTC	0	1010	0.00	48.32	0.000	2.744
2021-08-04 12:58:14 UTC	0	1010	0.00	48.58	0.000	2.759
2021-08-04 12:58:15 UTC	0	1010	0.00	49.26	0.000	2.797
2021-08-04 12:58:16 UTC	0	1010	0.00	48.42	0.000	2.749
2021-08-04 12:58:17 UTC	0	1010	0.00	48.00	0.000	2.725
2021-08-04 12:58:18 UTC	0	1010	0.00	49.90	0.000	2.833
2021-08-04 12:58:19 UTC	0	1010	0.00	49.20	0.000	2.793
2021-08-04 12:58:20 UTC	0	1010	0.00	48.56	0.000	2.757
2021-08-04 12:58:21 UTC	0	1010	0.00	48.69	0.000	2.764
2021-08-04 12:58:22 UTC	0	1010	0.00	48.05	0.000	2.728
2021-08-04 12:58:23 UTC	0	1010	0.00	49.10	0.000	2.788
2021-08-04 12:58:24 UTC	0	1010	0.00	48.64	0.000	2.762
2021-08-04 12:58:25 UTC	0	1010	0.00	48.13	0.000	2.733
2021-08-04 12:58:26 UTC	0	1010	0.00	49.95	0.000	2.836
2021-08-04 12:58:27 UTC	0	1010	0.00	48.50	0.000	2.754
2021-08-04 12:58:28 UTC	0	1010	0.00	49.10	0.000	2.788
2021-08-04 12:58:29 UTC	0	1010	0.00	47.85	0.000	2.717
2021-08-04 12:58:30 UTC	0	1010	0.00	50.05	0.000	2.842
2021-08-04 12:58:31 UTC	0	1010	0.00	48.80	0.000	2.771
2021-08-04 12:58:32 UTC	0	1010	0.00	48.76	0.000	2.768
2021-08-04 12:58:33 UTC	0	1010	0.00	48.13	0.000	2.733
2021-08-04 12:58:34 UTC	0	1010	0.00	48.93	0.000	2.778
2021-08-04 12:58:35 UTC	0	1010	0.00	49.41	0.000	2.805
2021-08-04 12:58:36 UTC	0	1010	0.00	48.58	0.000	2.759
2021-08-04 12:58:37 UTC	0	1010	0.00	47.89	0.000	2.719
2021-08-04 12:58:38 UTC	0	1010	0.00	48.93	0.000	2.778
2021-08-04 12:58:39 UTC	0	1010	0.00	49.31	0.000	2.800
2021-08-04 12:58:40 UTC	0	1010	0.00	49.00	0.000	2.782
2021-08-04 12:58:41 UTC	0	1010	0.00	47.38	0.000	2.691
2021-08-04 12:58:42 UTC	0	1010	0.00	49.05	0.000	2.785
2021-08-04 12:58:43 UTC	0	1010	0.00	49.10	0.000	2.788
2021-08-04 12:58:44 UTC	0	1010	0.00	48.51	0.000	2.755
2021-08-04 12:58:45 UTC	0	1010	0.00	49.61	0.000	2.817
2021-08-04 12:58:46 UTC	0	1010	0.00	48.00	0.000	2.725
2021-08-04 12:58:47 UTC	0	1010	0.00	48.95	0.000	2.779
2021-08-04 12:58:48 UTC	0	1010	0.00	49.20	0.000	2.793
2021-08-04 12:58:49 UTC	0	1010	0.00	48.85	0.000	2.774
2021-08-04 12:58:50 UTC	0	1010	0.00	48.24	0.000	2.739
2021-08-04 12:58:51 UTC	0	1010	0.00	48.36	0.000	2.746
2021-08-04 12:58:52 UTC	0	1010	0.00	49.69	0.000	2.821
2021-08-04 12:58:53 UTC	0	1010	0.00	47.67	0.000	2.706
2021-08-04 12:58:54 UTC	0	1010	0.00	49.08	0.000	2.787
2021-08-04 12:58:55 UTC	0	1010	0.00	48.69	0.000	2.764
2021-08-04 12:58:56 UTC	0	1010	0.00	48.73	0.000	2.767
2021-08-04 12:58:57 UTC	0	1010	0.00	49.05	0.000	2.785
2021-08-04 12:58:58 UTC	0	1010	0.00	48.93	0.000	2.778
2021-08-04 12:58:59 UTC	0	1010	0.00	48.95	0.000	2.779
2021-08-04 12:59:00 UTC	0	1010	0.00	48.69	0.000	2.764
2021-08-04 12:59:01 UTC	0	1010	0.00	49.03	0.000	2.784
2021-08-04 12:59:02 UTC	0	1010	0.00	48.24	0.000	2.739
2021-08-04 12:59:03 UTC	0	1010	0.00	49.10	0.000	2.788
2021-08-04 12:59:04 UTC	0	1010	0.00	49.00	0.000	2.782
2021-08-04 12:59:05 UTC	0	1010	0.00	49.00	0.000	2.782
2021-08-04 12:59:06 UTC	0	1010	0.00	47.85	0.000	2.717
2021-08-04 12:59:07 UTC	0	1010	0.00	50.00	0.000	2.839
2021-08-04 12:59:08 UTC	0	1010	0.00	48.24	0.000	2.739
2021-08-04 12:59:09 UTC	0	1010	0.00	48.73	0.000	2.767
2021-08-04 12:59:10 UTC	0	1010	0.00	48.98	0.000	2.781
2021-08-04 12:59:11 UTC	0	1010	0.00	48.73	0.000	2.767
2021-08-04 12:59:12 UTC	0	1010	0.00	49.05	0.000	2.785
2021-08-04 12:59:13 UTC	0	1010	0.00	48.73	0.000	2.767
2021-08-04 12:59:14 UTC	0	1010	0.00	48.14	0.000	2.734
2021-08-04 12:59:15 UTC	0	1010	0.00	48.90	0.000	2.777
2021-08-04 12:59:16 UTC	0	1010	0.00	48.78	0.000	2.770
2021-08-04 12:59:17 UTC	0	1010	0.00	49.00	0.000	2.782
2021-08-04 12:59:18 UTC	0	1010	0.00	48.51	0.000	2.755
2021-08-04 12:59:19 UTC	0	1010	0.00	49.20	0.000	2.793
2021-08-04 12:59:20 UTC	0	1010	0.00	49.26	0.000	2.797
2021-08-04 12:59:21 UTC	0	1010	0.00	48.59	0.000	2.759
2021-08-04 12:59:22 UTC	0	1010	0.00	48.28	0.000	2.741
2021-08-04 12:59:23 UTC	0	1010	0.00	49.74	0.000	2.824
2021-08-04 12:59:24 UTC	0	1010	0.00	48.32	0.000	2.744
2021-08-04 12:59:25 UTC	0	1010	0.00	48.85	0.000	2.774
2021-08-04 12:59:26 UTC	0	1010	0.00	49.03	0.000	2.784
2021-08-04 12:59:27 UTC	0	1010	0.00	48.42	0.000	2.749
2021-08-04 12:59:28 UTC	0	1010	0.00	49.90	0.000	2.833
2021-08-04 12:59:29 UTC	0	1010	0.00	48.69	0.000	2.764
2021-08-04 12:59:30 UTC	0	1010	0.00	48.88	0.000	2.775
2021-08-04 12:59:31 UTC	0	1010	0.00	48.36	0.000	2.746
2021-08-04 12:59:32 UTC	0	1010	0.00	48.55	0.000	2.757
2021-08-04 12:59:33 UTC	0	1010	0.00	48.88	0.000	2.775
2021-08-04 12:59:34 UTC	0	1010	0.00	49.74	0.000	2.824
2021-08-04 12:59:35 UTC	0	1010	0.00	47.89	0.000	2.719
2021-08-04 12:59:36 UTC	0	1010	0.00	49.64	0.000	2.819
2021-08-04 12:59:37 UTC	0	1010	0.00	48.14	0.000	2.734
2021-08-04 12:59:38 UTC	0	1010	0.00	49.00	0.000	2.782
2021-08-04 12:59:39 UTC	0	1010	0.00	49.00	0.000	2.782
2021-08-04 12:59:40 UTC	0	1010	0.00	49.00	0.000	2.782
2021-08-04 12:59:41 UTC	0	1010	0.00	48.51	0.000	2.755
2021-08-04 12:59:42 UTC	0	1010	0.00	49.31	0.000	2.800
2021-08-04 12:59:43 UTC	0	1010	0.00	48.18	0.000	2.736
2021-08-04 12:59:44 UTC	0	1010	0.00	47.94	0.000	2.722
2021-08-04 12:59:45 UTC	0	1010	0.00	49.12	0.000	2.789
2021-08-04 12:59:46 UTC	0	1010	0.00	49.13	0.000	2.790
2021-08-04 12:59:47 UTC	0	1010	0.00	48.19	0.000	2.736
2021-08-04 12:59:48 UTC	0	1010	0.00	49.26	0.000	2.797
2021-08-04 12:59:49 UTC	0	1010	0.00	47.71	0.000	2.709
2021-08-04 12:59:50 UTC	0	1010	0.00	49.26	0.000	2.797
2021-08-04 12:59:51 UTC	0	1010	0.00	49.15	0.000	2.791
2021-08-04 12:59:52 UTC	0	1010	0.00	49.05	0.000	2.785
2021-08-04 12:59:53 UTC	0	1010	0.00	48.95	0.000	2.779
2021-08-04 12:59:54 UTC	0	1010	0.00	48.95	0.000	2.779
2021-08-04 12:59:55 UTC	0	1010	0.00	48.10	0.000	2.731
2021-08-04 12:59:56 UTC	0	1010	0.00	49.55	0.000	2.814
2021-08-04 12:59:57 UTC	0	1010	0.00	47.67	0.000	2.706
2021-08-04 12:59:58 UTC	0	1010	0.00	49.38	0.000	2.804
2021-08-04 12:59:59 UTC	0	1010	0.00	48.73	0.000	2.767
